CRITICAL - 2024-11-13 13:05:58 --> ErrorException: Undefined variable $validationn
[Method: POST, Route: register]
in APPPATH\Controllers\RegisterController.php on line 14.
 1 APPPATH\Controllers\RegisterController.php(14): CodeIgniter\Debug\Exceptions->errorHandler(2, 'Undefined variable $validationn', 'C:\\Users\\Administrateur\\Desktop\\FSA Courses\\S5\\Programation web dynamique\\University_clubs_management\\ucm\\backend\\app\\Controllers\\RegisterController.php', 14)
 2 SYSTEMPATH\CodeIgniter.php(933): App\Controllers\RegisterController->register()
 3 SYSTEMPATH\CodeIgniter.php(509): CodeIgniter\CodeIgniter->runController(Object(App\Controllers\RegisterController))
 4 SYSTEMPATH\CodeIgniter.php(355): CodeIgniter\CodeIgniter->handleRequest(null, Object(Config\Cache), false)
 5 SYSTEMPATH\Boot.php(325): CodeIgniter\CodeIgniter->run()
 6 SYSTEMPATH\Boot.php(67): CodeIgniter\Boot::runCodeIgniter(Object(CodeIgniter\CodeIgniter))
 7 FCPATH\index.php(66): CodeIgniter\Boot::bootWeb(Object(Config\Paths))
CRITICAL - 2024-11-13 13:07:53 --> ErrorException: Undefined variable $validationn
[Method: POST, Route: register]
in APPPATH\Controllers\RegisterController.php on line 14.
 1 APPPATH\Controllers\RegisterController.php(14): CodeIgniter\Debug\Exceptions->errorHandler(2, 'Undefined variable $validationn', 'C:\\Users\\Administrateur\\Desktop\\FSA Courses\\S5\\Programation web dynamique\\University_clubs_management\\ucm\\backend\\app\\Controllers\\RegisterController.php', 14)
 2 SYSTEMPATH\CodeIgniter.php(933): App\Controllers\RegisterController->register()
 3 SYSTEMPATH\CodeIgniter.php(509): CodeIgniter\CodeIgniter->runController(Object(App\Controllers\RegisterController))
 4 SYSTEMPATH\CodeIgniter.php(355): CodeIgniter\CodeIgniter->handleRequest(null, Object(Config\Cache), false)
 5 SYSTEMPATH\Boot.php(325): CodeIgniter\CodeIgniter->run()
 6 SYSTEMPATH\Boot.php(67): CodeIgniter\Boot::runCodeIgniter(Object(CodeIgniter\CodeIgniter))
 7 FCPATH\index.php(66): CodeIgniter\Boot::bootWeb(Object(Config\Paths))
